Flutter crash report; please file at https://github.com/flutter/flutter/issues.

## command

flutter upgrade

## exception

ArgumentError: Invalid argument(s): Cannot find executable for /home/hitesh/Flutter/flutter/bin/cache/dart-sdk/bin/pub.

```
#0      _getExecutable (package:process/src/interface/local_process_manager.dart:113:5)
#1      LocalProcessManager.start (package:process/src/interface/local_process_manager.dart:41:7)
#2      runCommand (package:flutter_tools/src/base/process.dart:115:25)
#3      runCommandAndStreamOutput (package:flutter_tools/src/base/process.dart:133:33)
<asynchronous suspension>
#4      pub (package:flutter_tools/src/dart/pub.dart:155:18)
<asynchronous suspension>
#5      pubGet (package:flutter_tools/src/dart/pub.dart:104:13)
<asynchronous suspension>
#6      UpgradeCommand.runCommand (package:flutter_tools/src/commands/upgrade.dart:75:13)
<asynchronous suspension>
#7      FlutterCommand.verifyThenRunCommand (package:flutter_tools/src/runner/flutter_command.dart:400:18)
#8      _asyncThenWrapperHelper.<anonymous closure> (dart:async/runtime/libasync_patch.dart:77:64)
#9      _rootRunUnary (dart:async/zone.dart:1132:38)
#10     _CustomZone.runUnary (dart:async/zone.dart:1029:19)
#11     _FutureListener.handleValue (dart:async/future_impl.dart:129:18)
#12     Future._propagateToListeners.handleValueCallback (dart:async/future_impl.dart:642:45)
#13     Future._propagateToListeners (dart:async/future_impl.dart:671:32)
#14     Future._complete (dart:async/future_impl.dart:476:7)
#15     _SyncCompleter.complete (dart:async/future_impl.dart:51:12)
#16     _AsyncAwaitCompleter.complete.<anonymous closure> (dart:async/runtime/libasync_patch.dart:33:20)
#17     _rootRun (dart:async/zone.dart:1124:13)
#18     _CustomZone.run (dart:async/zone.dart:1021:19)
#19     _CustomZone.bindCallback.<anonymous closure> (dart:async/zone.dart:947:23)
#20     _microtaskLoop (dart:async/schedule_microtask.dart:41:21)
#21     _startMicrotaskLoop (dart:async/schedule_microtask.dart:50:5)
#22     _runPendingImmediateCallback (dart:isolate/runtime/libisolate_patch.dart:115:13)
#23     _RawReceivePortImpl._handleMessage (dart:isolate/runtime/libisolate_patch.dart:172:5)
```

## flutter doctor

```
[32m[✓][39m Flutter (Channel beta, v0.11.3, on Linux, locale en_US.UTF-8)
    [32m•[39m Flutter version 0.11.3 at /home/hitesh/Flutter/flutter
    [32m•[39m Framework revision 72bf075e8d (13 days ago), 2018-11-20 22:05:23 -0500
    [32m•[39m Engine revision 5c8147450d
    [32m•[39m Dart version 2.1.0 (build 2.1.0-dev.9.3 9c07fb64c4)

[32m[✓][39m Android toolchain - develop for Android devices (Android SDK 27.0.3)
    [32m•[39m Android SDK at /media/hitesh/Learning/Android/Sdk
    [32m•[39m Android NDK location not configured (optional; useful for native profiling support)
    [32m•[39m Platform android-27, build-tools 27.0.3
    [32m•[39m ANDROID_HOME = /media/hitesh/Learning/Android/Sdk
    [32m•[39m Java binary at: /usr/local/android-studio-ide-181.5056338-linux/android-studio/jre/bin/java
    [32m•[39m Java version OpenJDK Runtime Environment (build 1.8.0_152-release-1136-b06)
    [32m•[39m All Android licenses accepted.

[32m[✓][39m Android Studio (version 3.2)
    [32m•[39m Android Studio at /usr/local/android-studio-ide-181.5056338-linux/android-studio
    [32m•[39m Flutter plugin version 30.0.1
    [32m•[39m Dart plugin version 181.5656
    [32m•[39m Java version OpenJDK Runtime Environment (build 1.8.0_152-release-1136-b06)

[32m[✓][39m VS Code (version 1.29.1)
    [32m•[39m VS Code at /usr/share/code
    [32m•[39m Flutter extension version 2.20.0

[32m[✓][39m Connected device (1 available)
    [32m•[39m Moto E 4 Plus • ZH33L32THN • android-arm • Android 7.1.1 (API 25)

[32m•[39m No issues found!
```
