Flutter crash report; please file at https://github.com/flutter/flutter/issues.

## command

flutter upgrade

## exception

ArgumentError: Invalid argument(s): Cannot find executable for /home/hitesh/Flutter/flutter/bin/cache/dart-sdk/bin/pub.

```
#0      _getExecutable (package:process/src/interface/local_process_manager.dart:113:5)
#1      LocalProcessManager.start (package:process/src/interface/local_process_manager.dart:41:7)
#2      runCommand (package:flutter_tools/src/base/process.dart:115:25)
#3      runCommandAndStreamOutput (package:flutter_tools/src/base/process.dart:133:33)
<asynchronous suspension>
#4      pub (package:flutter_tools/src/dart/pub.dart:155:18)
<asynchronous suspension>
#5      pubGet (package:flutter_tools/src/dart/pub.dart:104:13)
<asynchronous suspension>
#6      UpgradeCommand.runCommand (package:flutter_tools/src/commands/upgrade.dart:75:13)
<asynchronous suspension>
#7      FlutterCommand.verifyThenRunCommand (package:flutter_tools/src/runner/flutter_command.dart:356:18)
#8      _asyncThenWrapperHelper.<anonymous closure> (dart:async/runtime/libasync_patch.dart:77:64)
#9      _rootRunUnary (dart:async/zone.dart:1132:38)
#10     _CustomZone.runUnary (dart:async/zone.dart:1029:19)
#11     _FutureListener.handleValue (dart:async/future_impl.dart:129:18)
#12     Future._propagateToListeners.handleValueCallback (dart:async/future_impl.dart:642:45)
#13     Future._propagateToListeners (dart:async/future_impl.dart:671:32)
#14     Future._complete (dart:async/future_impl.dart:476:7)
#15     _SyncCompleter.complete (dart:async/future_impl.dart:51:12)
#16     _AsyncAwaitCompleter.complete.<anonymous closure> (dart:async/runtime/libasync_patch.dart:33:20)
#17     _rootRun (dart:async/zone.dart:1124:13)
#18     _CustomZone.run (dart:async/zone.dart:1021:19)
#19     _CustomZone.bindCallback.<anonymous closure> (dart:async/zone.dart:947:23)
#20     _microtaskLoop (dart:async/schedule_microtask.dart:41:21)
#21     _startMicrotaskLoop (dart:async/schedule_microtask.dart:50:5)
#22     _runPendingImmediateCallback (dart:isolate/runtime/libisolate_patch.dart:115:13)
#23     _RawReceivePortImpl._handleMessage (dart:isolate/runtime/libisolate_patch.dart:172:5)
```

## flutter doctor

```
[✓] Flutter (Channel beta, v0.7.3, on Linux, locale en_US.UTF-8)
    • Flutter version 0.7.3 at /home/hitesh/Flutter/flutter
    • Framework revision 3b309bda07 (3 weeks ago), 2018-09-07 12:33:05 -0700
    • Engine revision 58a1894a1c
    • Dart version 2.1.0-dev.1.0.flutter-ccb16f7282

[✓] Android toolchain - develop for Android devices (Android SDK 27.0.3)
    • Android SDK at /media/hitesh/Learning/Android/Sdk
    • Android NDK location not configured (optional; useful for native profiling support)
    • Platform android-27, build-tools 27.0.3
    • ANDROID_HOME = /media/hitesh/Learning/Android/Sdk
    • Java binary at: /usr/local/android-studio-ide-173.4697961-linux/android-studio/jre/bin/java
    • Java version OpenJDK Runtime Environment (build 1.8.0_152-release-1024-b01)
    • All Android licenses accepted.

[✓] Android Studio (version 3.1)
    • Android Studio at /usr/local/android-studio-ide-173.4697961-linux/android-studio
    • Flutter plugin version 28.0.1
    • Dart plugin version 173.4700
    • Java version OpenJDK Runtime Environment (build 1.8.0_152-release-1024-b01)

[✓] VS Code (version 1.27.2)
    • VS Code at /usr/share/code
    • Flutter extension version 2.18.0

[✓] Connected devices (1 available)
    • Moto E 4 Plus • ZH33L32THN • android-arm • Android 7.1.1 (API 25)

• No issues found!
```
